Requesting service_token from Kibana.
Error: request to get security token from Kibana failed: fail to execute the HTTP POST request: Post "http://kibana:5601/api/fleet/service-tokens": dial tcp 192.168.192.5:5601: connect: connection refused
For help, please see our troubleshooting guide at https://www.elastic.co/guide/en/fleet/8.1/fleet-troubleshooting.html
Requesting service_token from Kibana.
Error: request to get security token from Kibana failed: fail to execute the HTTP POST request: Post "http://kibana:5601/api/fleet/service-tokens": dial tcp 192.168.192.5:5601: connect: connection refused
For help, please see our troubleshooting guide at https://www.elastic.co/guide/en/fleet/8.1/fleet-troubleshooting.html
Requesting service_token from Kibana.
Error: request to get security token from Kibana failed: fail to execute the HTTP POST request: Post "http://kibana:5601/api/fleet/service-tokens": dial tcp 192.168.192.5:5601: connect: connection refused
For help, please see our troubleshooting guide at https://www.elastic.co/guide/en/fleet/8.1/fleet-troubleshooting.html
Requesting service_token from Kibana.
Error: request to get security token from Kibana failed: fail to execute the HTTP POST request: Post "http://kibana:5601/api/fleet/service-tokens": dial tcp 192.168.192.5:5601: connect: connection refused
For help, please see our troubleshooting guide at https://www.elastic.co/guide/en/fleet/8.1/fleet-troubleshooting.html
Requesting service_token from Kibana.
Error: request to get security token from Kibana failed: fail to execute the HTTP POST request: Post "http://kibana:5601/api/fleet/service-tokens": dial tcp 192.168.192.5:5601: connect: connection refused
For help, please see our troubleshooting guide at https://www.elastic.co/guide/en/fleet/8.1/fleet-troubleshooting.html
Requesting service_token from Kibana.
Error: request to get security token from Kibana failed: fail to execute the HTTP POST request: Post "http://kibana:5601/api/fleet/service-tokens": dial tcp 192.168.192.5:5601: connect: connection refused
For help, please see our troubleshooting guide at https://www.elastic.co/guide/en/fleet/8.1/fleet-troubleshooting.html
Requesting service_token from Kibana.
Error: request to get security token from Kibana failed: fail to execute the HTTP POST request: Post "http://kibana:5601/api/fleet/service-tokens": dial tcp 192.168.192.5:5601: connect: connection refused
For help, please see our troubleshooting guide at https://www.elastic.co/guide/en/fleet/8.1/fleet-troubleshooting.html
Requesting service_token from Kibana.
Error: request to get security token from Kibana failed: fail to execute the HTTP POST request: Post "http://kibana:5601/api/fleet/service-tokens": dial tcp 192.168.192.5:5601: connect: connection refused
For help, please see our troubleshooting guide at https://www.elastic.co/guide/en/fleet/8.1/fleet-troubleshooting.html
Requesting service_token from Kibana.
Error: request to get security token from Kibana failed: invalid character 'K' looking for beginning of value
For help, please see our troubleshooting guide at https://www.elastic.co/guide/en/fleet/8.1/fleet-troubleshooting.html
Requesting service_token from Kibana.
Error: request to get security token from Kibana failed: invalid character 'K' looking for beginning of value
For help, please see our troubleshooting guide at https://www.elastic.co/guide/en/fleet/8.1/fleet-troubleshooting.html
Requesting service_token from Kibana.
Created service_token named: token-1651064900830
Performing setup of Fleet in Kibana

{"log.level":"info","@timestamp":"2022-04-27T13:08:22.388Z","log.origin":{"file.name":"cmd/enroll_cmd.go","file.line":572},"message":"Spawning Elastic Agent daemon as a subprocess to complete bootstrap process.","ecs.version":"1.6.0"}
{"log.level":"info","@timestamp":"2022-04-27T13:08:22.636Z","log.origin":{"file.name":"application/application.go","file.line":68},"message":"Detecting execution mode","ecs.version":"1.6.0"}
{"log.level":"info","@timestamp":"2022-04-27T13:08:22.641Z","log.origin":{"file.name":"application/application.go","file.line":88},"message":"Agent is in Fleet Server bootstrap mode","ecs.version":"1.6.0"}
{"log.level":"info","@timestamp":"2022-04-27T13:08:22.953Z","log.logger":"api","log.origin":{"file.name":"api/server.go","file.line":62},"message":"Starting stats endpoint","ecs.version":"1.6.0"}
{"log.level":"info","@timestamp":"2022-04-27T13:08:22.955Z","log.origin":{"file.name":"application/fleet_server_bootstrap.go","file.line":131},"message":"Agent is starting","ecs.version":"1.6.0"}
{"log.level":"info","@timestamp":"2022-04-27T13:08:22.956Z","log.logger":"api","log.origin":{"file.name":"api/server.go","file.line":64},"message":"Metrics endpoint listening on: /usr/share/elastic-agent/data/tmp/elastic-agent.sock (configured: unix:///usr/share/elastic-agent/data/tmp/elastic-agent.sock)","ecs.version":"1.6.0"}
{"log.level":"info","@timestamp":"2022-04-27T13:08:22.962Z","log.origin":{"file.name":"application/fleet_server_bootstrap.go","file.line":141},"message":"Agent is stopped","ecs.version":"1.6.0"}
{"log.level":"info","@timestamp":"2022-04-27T13:08:22.989Z","log.origin":{"file.name":"stateresolver/stateresolver.go","file.line":48},"message":"New State ID is bSpr2-W2","ecs.version":"1.6.0"}
{"log.level":"info","@timestamp":"2022-04-27T13:08:22.990Z","log.origin":{"file.name":"stateresolver/stateresolver.go","file.line":49},"message":"Converging state requires execution of 1 step(s)","ecs.version":"1.6.0"}
{"log.level":"info","@timestamp":"2022-04-27T13:08:23.037Z","log.origin":{"file.name":"operation/operator.go","file.line":284},"message":"operation 'operation-install' skipped for fleet-server.8.1.3","ecs.version":"1.6.0"}
{"log.level":"info","@timestamp":"2022-04-27T13:08:23.321Z","log.origin":{"file.name":"log/reporter.go","file.line":40},"message":"2022-04-27T13:08:23Z - message: Application: fleet-server--8.1.3[]: State changed to STARTING: Starting - type: 'STATE' - sub_type: 'STARTING'","ecs.version":"1.6.0"}
{"log.level":"info","@timestamp":"2022-04-27T13:08:23.324Z","log.origin":{"file.name":"stateresolver/stateresolver.go","file.line":66},"message":"Updating internal state","ecs.version":"1.6.0"}
{"log.level":"info","@timestamp":"2022-04-27T13:08:23.414Z","log.origin":{"file.name":"cmd/enroll_cmd.go","file.line":777},"message":"Fleet Server - Starting","ecs.version":"1.6.0"}
{"log.level":"error","@timestamp":"2022-04-27T13:08:25.677Z","log.origin":{"file.name":"log/reporter.go","file.line":36},"message":"2022-04-27T13:08:25Z - message: Application: fleet-server--8.1.3[]: State changed to FAILED: Error - Migrate UpdateByQuery [503 Service Unavailable] {\"error\":{\"root_cause\":[],\"type\":\"search_phase_execution_exception\",\"reason\":\"\",\"phase\":\"query\",\"grouped\":true,\"failed_shards\":[],\"caused_by\":{\"type\":\"search_phase_execution_exception\",\"reason\":\"Search rejected due to missing shards [[.fleet-agents-7][0]]. Consider using `allow_partial_search_results` setting to bypass this error.\",\"phase\":\"query\",\"grouped\":true,\"failed_shards\":[]}},\"status\":503} - type: 'ERROR' - sub_type: 'FAILED'","ecs.version":"1.6.0"}
{"log.level":"error","@timestamp":"2022-04-27T13:08:25.677Z","log.origin":{"file.name":"status/reporter.go","file.line":236},"message":"Elastic Agent status changed to: 'error'","ecs.version":"1.6.0"}
{"log.level":"info","@timestamp":"2022-04-27T13:08:29.422Z","log.origin":{"file.name":"cmd/enroll_cmd.go","file.line":777},"message":"Fleet Server - Error - Migrate UpdateByQuery [503 Service Unavailable] {\"error\":{\"root_cause\":[],\"type\":\"search_phase_execution_exception\",\"reason\":\"\",\"phase\":\"query\",\"grouped\":true,\"failed_shards\":[],\"caused_by\":{\"type\":\"search_phase_execution_exception\",\"reason\":\"Search rejected due to missing shards [[.fleet-agents-7][0]]. Consider using `allow_partial_search_results` setting to bypass this error.\",\"phase\":\"query\",\"grouped\":true,\"failed_shards\":[]}},\"status\":503}","ecs.version":"1.6.0"}
{"log.level":"info","@timestamp":"2022-04-27T13:08:35.681Z","log.origin":{"file.name":"status/reporter.go","file.line":236},"message":"Elastic Agent status changed to: 'online'","ecs.version":"1.6.0"}
{"log.level":"info","@timestamp":"2022-04-27T13:08:35.735Z","log.origin":{"file.name":"log/reporter.go","file.line":40},"message":"2022-04-27T13:08:35Z - message: Application: fleet-server--8.1.3[]: State changed to RESTARTING:  - type: 'STATE' - sub_type: 'STARTING'","ecs.version":"1.6.0"}
{"log.level":"info","@timestamp":"2022-04-27T13:08:35.736Z","log.origin":{"file.name":"log/reporter.go","file.line":40},"message":"2022-04-27T13:08:35Z - message: Application: fleet-server--8.1.3[]: State changed to STARTING: Starting - type: 'STATE' - sub_type: 'STARTING'","ecs.version":"1.6.0"}
{"log.level":"info","@timestamp":"2022-04-27T13:08:35.738Z","log.origin":{"file.name":"log/reporter.go","file.line":40},"message":"2022-04-27T13:08:35Z - message: Application: fleet-server--8.1.3[]: State changed to RESTARTING: Restarting - type: 'STATE' - sub_type: 'STARTING'","ecs.version":"1.6.0"}
{"log.level":"info","@timestamp":"2022-04-27T13:08:36.685Z","log.origin":{"file.name":"log/reporter.go","file.line":40},"message":"2022-04-27T13:08:36Z - message: Application: fleet-server--8.1.3[]: State changed to STARTING: Starting - type: 'STATE' - sub_type: 'STARTING'","ecs.version":"1.6.0"}
{"log.level":"error","@timestamp":"2022-04-27T13:08:37.186Z","log.origin":{"file.name":"status/reporter.go","file.line":236},"message":"Elastic Agent status changed to: 'error'","ecs.version":"1.6.0"}
{"log.level":"error","@timestamp":"2022-04-27T13:08:37.186Z","log.origin":{"file.name":"log/reporter.go","file.line":36},"message":"2022-04-27T13:08:37Z - message: Application: fleet-server--8.1.3[]: State changed to FAILED: Error - Migrate UpdateByQuery [503 Service Unavailable] {\"error\":{\"root_cause\":[],\"type\":\"search_phase_execution_exception\",\"reason\":\"\",\"phase\":\"query\",\"grouped\":true,\"failed_shards\":[],\"caused_by\":{\"type\":\"search_phase_execution_exception\",\"reason\":\"Search rejected due to missing shards [[.fleet-agents-7][0]]. Consider using `allow_partial_search_results` setting to bypass this error.\",\"phase\":\"query\",\"grouped\":true,\"failed_shards\":[]}},\"status\":503} - type: 'ERROR' - sub_type: 'FAILED'","ecs.version":"1.6.0"}
{"log.level":"info","@timestamp":"2022-04-27T13:08:47.188Z","log.origin":{"file.name":"status/reporter.go","file.line":236},"message":"Elastic Agent status changed to: 'online'","ecs.version":"1.6.0"}
{"log.level":"info","@timestamp":"2022-04-27T13:08:47.188Z","log.origin":{"file.name":"log/reporter.go","file.line":40},"message":"2022-04-27T13:08:47Z - message: Application: fleet-server--8.1.3[]: State changed to RESTARTING:  - type: 'STATE' - sub_type: 'STARTING'","ecs.version":"1.6.0"}
{"log.level":"info","@timestamp":"2022-04-27T13:08:47.189Z","log.origin":{"file.name":"log/reporter.go","file.line":40},"message":"2022-04-27T13:08:47Z - message: Application: fleet-server--8.1.3[]: State changed to RESTARTING: Restarting - type: 'STATE' - sub_type: 'STARTING'","ecs.version":"1.6.0"}
{"log.level":"info","@timestamp":"2022-04-27T13:08:47.189Z","log.origin":{"file.name":"log/reporter.go","file.line":40},"message":"2022-04-27T13:08:47Z - message: Application: fleet-server--8.1.3[]: State changed to STARTING: Starting - type: 'STATE' - sub_type: 'STARTING'","ecs.version":"1.6.0"}
{"log.level":"info","@timestamp":"2022-04-27T13:08:47.747Z","log.origin":{"file.name":"log/reporter.go","file.line":40},"message":"2022-04-27T13:08:47Z - message: Application: fleet-server--8.1.3[]: State changed to STARTING: Starting - type: 'STATE' - sub_type: 'STARTING'","ecs.version":"1.6.0"}
{"log.level":"error","@timestamp":"2022-04-27T13:08:48.247Z","log.origin":{"file.name":"status/reporter.go","file.line":236},"message":"Elastic Agent status changed to: 'error'","ecs.version":"1.6.0"}
{"log.level":"error","@timestamp":"2022-04-27T13:08:48.247Z","log.origin":{"file.name":"log/reporter.go","file.line":36},"message":"2022-04-27T13:08:48Z - message: Application: fleet-server--8.1.3[]: State changed to FAILED: Error - Migrate UpdateByQuery [503 Service Unavailable] {\"error\":{\"root_cause\":[],\"type\":\"search_phase_execution_exception\",\"reason\":\"\",\"phase\":\"query\",\"grouped\":true,\"failed_shards\":[],\"caused_by\":{\"type\":\"search_phase_execution_exception\",\"reason\":\"Search rejected due to missing shards [[.fleet-agents-7][0]]. Consider using `allow_partial_search_results` setting to bypass this error.\",\"phase\":\"query\",\"grouped\":true,\"failed_shards\":[]}},\"status\":503} - type: 'ERROR' - sub_type: 'FAILED'","ecs.version":"1.6.0"}
{"log.level":"info","@timestamp":"2022-04-27T13:08:58.214Z","log.origin":{"file.name":"status/reporter.go","file.line":236},"message":"Elastic Agent status changed to: 'online'","ecs.version":"1.6.0"}
{"log.level":"info","@timestamp":"2022-04-27T13:08:58.214Z","log.origin":{"file.name":"log/reporter.go","file.line":40},"message":"2022-04-27T13:08:58Z - message: Application: fleet-server--8.1.3[]: State changed to RESTARTING:  - type: 'STATE' - sub_type: 'STARTING'","ecs.version":"1.6.0"}
{"log.level":"info","@timestamp":"2022-04-27T13:08:58.215Z","log.origin":{"file.name":"log/reporter.go","file.line":40},"message":"2022-04-27T13:08:58Z - message: Application: fleet-server--8.1.3[]: State changed to STARTING: Starting - type: 'STATE' - sub_type: 'STARTING'","ecs.version":"1.6.0"}
{"log.level":"info","@timestamp":"2022-04-27T13:08:58.215Z","log.origin":{"file.name":"log/reporter.go","file.line":40},"message":"2022-04-27T13:08:58Z - message: Application: fleet-server--8.1.3[]: State changed to RESTARTING: Restarting - type: 'STATE' - sub_type: 'STARTING'","ecs.version":"1.6.0"}
{"log.level":"info","@timestamp":"2022-04-27T13:08:58.777Z","log.origin":{"file.name":"log/reporter.go","file.line":40},"message":"2022-04-27T13:08:58Z - message: Application: fleet-server--8.1.3[]: State changed to STARTING: Starting - type: 'STATE' - sub_type: 'STARTING'","ecs.version":"1.6.0"}
{"log.level":"error","@timestamp":"2022-04-27T13:08:59.280Z","log.origin":{"file.name":"status/reporter.go","file.line":236},"message":"Elastic Agent status changed to: 'error'","ecs.version":"1.6.0"}
{"log.level":"error","@timestamp":"2022-04-27T13:08:59.281Z","log.origin":{"file.name":"log/reporter.go","file.line":36},"message":"2022-04-27T13:08:59Z - message: Application: fleet-server--8.1.3[]: State changed to FAILED: Error - Migrate UpdateByQuery [503 Service Unavailable] {\"error\":{\"root_cause\":[],\"type\":\"search_phase_execution_exception\",\"reason\":\"\",\"phase\":\"query\",\"grouped\":true,\"failed_shards\":[],\"caused_by\":{\"type\":\"search_phase_execution_exception\",\"reason\":\"Search rejected due to missing shards [[.fleet-agents-7][0]]. Consider using `allow_partial_search_results` setting to bypass this error.\",\"phase\":\"query\",\"grouped\":true,\"failed_shards\":[]}},\"status\":503} - type: 'ERROR' - sub_type: 'FAILED'","ecs.version":"1.6.0"}
{"log.level":"info","@timestamp":"2022-04-27T13:09:07.304Z","log.origin":{"file.name":"status/reporter.go","file.line":236},"message":"Elastic Agent status changed to: 'online'","ecs.version":"1.6.0"}
{"log.level":"info","@timestamp":"2022-04-27T13:09:07.304Z","log.origin":{"file.name":"log/reporter.go","file.line":40},"message":"2022-04-27T13:09:07Z - message: Application: fleet-server--8.1.3[]: State changed to STARTING: Starting - type: 'STATE' - sub_type: 'STARTING'","ecs.version":"1.6.0"}
{"log.level":"error","@timestamp":"2022-04-27T13:09:07.818Z","log.origin":{"file.name":"status/reporter.go","file.line":236},"message":"Elastic Agent status changed to: 'error'","ecs.version":"1.6.0"}
{"log.level":"error","@timestamp":"2022-04-27T13:09:07.822Z","log.origin":{"file.name":"log/reporter.go","file.line":36},"message":"2022-04-27T13:09:07Z - message: Application: fleet-server--8.1.3[]: State changed to FAILED: Error - Migrate UpdateByQuery [503 Service Unavailable] {\"error\":{\"root_cause\":[],\"type\":\"search_phase_execution_exception\",\"reason\":\"\",\"phase\":\"query\",\"grouped\":true,\"failed_shards\":[],\"caused_by\":{\"type\":\"search_phase_execution_exception\",\"reason\":\"Search rejected due to missing shards [[.fleet-agents-7][0]]. Consider using `allow_partial_search_results` setting to bypass this error.\",\"phase\":\"query\",\"grouped\":true,\"failed_shards\":[]}},\"status\":503} - type: 'ERROR' - sub_type: 'FAILED'","ecs.version":"1.6.0"}
{"log.level":"info","@timestamp":"2022-04-27T13:09:09.831Z","log.origin":{"file.name":"status/reporter.go","file.line":236},"message":"Elastic Agent status changed to: 'online'","ecs.version":"1.6.0"}
{"log.level":"info","@timestamp":"2022-04-27T13:09:09.833Z","log.origin":{"file.name":"log/reporter.go","file.line":40},"message":"2022-04-27T13:09:09Z - message: Application: fleet-server--8.1.3[]: State changed to STARTING: Starting - type: 'STATE' - sub_type: 'STARTING'","ecs.version":"1.6.0"}
{"log.level":"error","@timestamp":"2022-04-27T13:09:10.325Z","log.origin":{"file.name":"status/reporter.go","file.line":236},"message":"Elastic Agent status changed to: 'error'","ecs.version":"1.6.0"}
{"log.level":"error","@timestamp":"2022-04-27T13:09:10.326Z","log.origin":{"file.name":"log/reporter.go","file.line":36},"message":"2022-04-27T13:09:10Z - message: Application: fleet-server--8.1.3[]: State changed to FAILED: Error - Migrate UpdateByQuery [503 Service Unavailable] {\"error\":{\"root_cause\":[],\"type\":\"search_phase_execution_exception\",\"reason\":\"\",\"phase\":\"query\",\"grouped\":true,\"failed_shards\":[],\"caused_by\":{\"type\":\"search_phase_execution_exception\",\"reason\":\"Search rejected due to missing shards [[.fleet-agents-7][0]]. Consider using `allow_partial_search_results` setting to bypass this error.\",\"phase\":\"query\",\"grouped\":true,\"failed_shards\":[]}},\"status\":503} - type: 'ERROR' - sub_type: 'FAILED'","ecs.version":"1.6.0"}
{"log.level":"info","@timestamp":"2022-04-27T13:09:20.292Z","log.origin":{"file.name":"status/reporter.go","file.line":236},"message":"Elastic Agent status changed to: 'online'","ecs.version":"1.6.0"}
{"log.level":"info","@timestamp":"2022-04-27T13:09:20.293Z","log.origin":{"file.name":"log/reporter.go","file.line":40},"message":"2022-04-27T13:09:20Z - message: Application: fleet-server--8.1.3[]: State changed to STARTING: Starting - type: 'STATE' - sub_type: 'STARTING'","ecs.version":"1.6.0"}
{"log.level":"info","@timestamp":"2022-04-27T13:09:20.293Z","log.origin":{"file.name":"log/reporter.go","file.line":40},"message":"2022-04-27T13:09:20Z - message: Application: fleet-server--8.1.3[]: State changed to RESTARTING:  - type: 'STATE' - sub_type: 'STARTING'","ecs.version":"1.6.0"}
{"log.level":"info","@timestamp":"2022-04-27T13:09:20.293Z","log.origin":{"file.name":"log/reporter.go","file.line":40},"message":"2022-04-27T13:09:20Z - message: Application: fleet-server--8.1.3[]: State changed to RESTARTING: Restarting - type: 'STATE' - sub_type: 'STARTING'","ecs.version":"1.6.0"}
{"log.level":"info","@timestamp":"2022-04-27T13:09:20.852Z","log.origin":{"file.name":"log/reporter.go","file.line":40},"message":"2022-04-27T13:09:20Z - message: Application: fleet-server--8.1.3[]: State changed to STARTING: Starting - type: 'STATE' - sub_type: 'STARTING'","ecs.version":"1.6.0"}
{"log.level":"error","@timestamp":"2022-04-27T13:09:21.353Z","log.origin":{"file.name":"status/reporter.go","file.line":236},"message":"Elastic Agent status changed to: 'error'","ecs.version":"1.6.0"}
{"log.level":"error","@timestamp":"2022-04-27T13:09:21.353Z","log.origin":{"file.name":"log/reporter.go","file.line":36},"message":"2022-04-27T13:09:21Z - message: Application: fleet-server--8.1.3[]: State changed to FAILED: Error - Migrate UpdateByQuery [503 Service Unavailable] {\"error\":{\"root_cause\":[],\"type\":\"search_phase_execution_exception\",\"reason\":\"\",\"phase\":\"query\",\"grouped\":true,\"failed_shards\":[],\"caused_by\":{\"type\":\"search_phase_execution_exception\",\"reason\":\"Search rejected due to missing shards [[.fleet-agents-7][0]]. Consider using `allow_partial_search_results` setting to bypass this error.\",\"phase\":\"query\",\"grouped\":true,\"failed_shards\":[]}},\"status\":503} - type: 'ERROR' - sub_type: 'FAILED'","ecs.version":"1.6.0"}
{"log.level":"info","@timestamp":"2022-04-27T13:09:31.354Z","log.origin":{"file.name":"status/reporter.go","file.line":236},"message":"Elastic Agent status changed to: 'online'","ecs.version":"1.6.0"}
{"log.level":"info","@timestamp":"2022-04-27T13:09:31.355Z","log.origin":{"file.name":"log/reporter.go","file.line":40},"message":"2022-04-27T13:09:31Z - message: Application: fleet-server--8.1.3[]: State changed to RESTARTING:  - type: 'STATE' - sub_type: 'STARTING'","ecs.version":"1.6.0"}
{"log.level":"info","@timestamp":"2022-04-27T13:09:31.355Z","log.origin":{"file.name":"log/reporter.go","file.line":40},"message":"2022-04-27T13:09:31Z - message: Application: fleet-server--8.1.3[]: State changed to STARTING: Starting - type: 'STATE' - sub_type: 'STARTING'","ecs.version":"1.6.0"}
{"log.level":"info","@timestamp":"2022-04-27T13:09:31.355Z","log.origin":{"file.name":"log/reporter.go","file.line":40},"message":"2022-04-27T13:09:31Z - message: Application: fleet-server--8.1.3[]: State changed to RESTARTING: Restarting - type: 'STATE' - sub_type: 'STARTING'","ecs.version":"1.6.0"}
{"log.level":"info","@timestamp":"2022-04-27T13:09:31.911Z","log.origin":{"file.name":"log/reporter.go","file.line":40},"message":"2022-04-27T13:09:31Z - message: Application: fleet-server--8.1.3[]: State changed to STARTING: Starting - type: 'STATE' - sub_type: 'STARTING'","ecs.version":"1.6.0"}
{"log.level":"error","@timestamp":"2022-04-27T13:09:32.411Z","log.origin":{"file.name":"status/reporter.go","file.line":236},"message":"Elastic Agent status changed to: 'error'","ecs.version":"1.6.0"}
{"log.level":"error","@timestamp":"2022-04-27T13:09:32.411Z","log.origin":{"file.name":"log/reporter.go","file.line":36},"message":"2022-04-27T13:09:32Z - message: Application: fleet-server--8.1.3[]: State changed to FAILED: Error - Migrate UpdateByQuery [503 Service Unavailable] {\"error\":{\"root_cause\":[],\"type\":\"search_phase_execution_exception\",\"reason\":\"\",\"phase\":\"query\",\"grouped\":true,\"failed_shards\":[],\"caused_by\":{\"type\":\"search_phase_execution_exception\",\"reason\":\"Search rejected due to missing shards [[.fleet-agents-7][0]]. Consider using `allow_partial_search_results` setting to bypass this error.\",\"phase\":\"query\",\"grouped\":true,\"failed_shards\":[]}},\"status\":503} - type: 'ERROR' - sub_type: 'FAILED'","ecs.version":"1.6.0"}
